
  .   ____          _            __ _ _
 /\\ / ___'_ __ _ _(_)_ __  __ _ \ \ \ \
( ( )\___ | '_ | '_| | '_ \/ _` | \ \ \ \
 \\/  ___)| |_)| | | | | || (_| |  ) ) ) )
  '  |____| .__|_| |_|_| |_\__, | / / / /
 =========|_|==============|___/=/_/_/_/
 :: Spring Boot ::        (v2.0.1.RELEASE)

2018-05-02 23:47:27.047  INFO 2214 --- [           main] c.l.p.p.PetLogonWebApplication           : Starting PetLogonWebApplication on localhost.localdomain with PID 2214 (/opt/pet-app/webapps/pet.jar started by root in /opt/pet-app/webapps)
2018-05-02 23:47:27.074  INFO 2214 --- [           main] c.l.p.p.PetLogonWebApplication           : No active profile set, falling back to default profiles: default
2018-05-02 23:47:27.308  INFO 2214 --- [           main] ConfigServletWebServerApplicationContext : Refreshing org.springframework.boot.web.servlet.context.AnnotationConfigServletWebServerApplicationContext@424c0bc4: startup date [Wed May 02 23:47:27 CST 2018]; root of context hierarchy
2018-05-02 23:47:30.606  INFO 2214 --- [           main] o.s.b.w.embedded.tomcat.TomcatWebServer  : Tomcat initialized with port(s): 17888 (http)
2018-05-02 23:47:30.684  INFO 2214 --- [           main] o.apache.catalina.core.StandardService   : Starting service [Tomcat]
2018-05-02 23:47:30.685  INFO 2214 --- [           main] org.apache.catalina.core.StandardEngine  : Starting Servlet Engine: Apache Tomcat/8.5.29
2018-05-02 23:47:30.740  INFO 2214 --- [ost-startStop-1] o.a.catalina.core.AprLifecycleListener   : The APR based Apache Tomcat Native library which allows optimal performance in production environments was not found on the java.library.path: [/usr/java/packages/lib/amd64:/usr/lib64:/lib64:/lib:/usr/lib]
2018-05-02 23:47:30.976  INFO 2214 --- [ost-startStop-1] o.a.c.c.C.[Tomcat].[localhost].[/]       : Initializing Spring embedded WebApplicationContext
2018-05-02 23:47:30.976  INFO 2214 --- [ost-startStop-1] o.s.web.context.ContextLoader            : Root WebApplicationContext: initialization completed in 3670 ms
2018-05-02 23:47:31.265  INFO 2214 --- [ost-startStop-1] o.s.b.w.servlet.ServletRegistrationBean  : Servlet dispatcherServlet mapped to [/]
2018-05-02 23:47:31.269  INFO 2214 --- [ost-startStop-1] o.s.b.w.servlet.FilterRegistrationBean   : Mapping filter: 'characterEncodingFilter' to: [/*]
2018-05-02 23:47:31.269  INFO 2214 --- [ost-startStop-1] o.s.b.w.servlet.FilterRegistrationBean   : Mapping filter: 'hiddenHttpMethodFilter' to: [/*]
2018-05-02 23:47:31.269  INFO 2214 --- [ost-startStop-1] o.s.b.w.servlet.FilterRegistrationBean   : Mapping filter: 'httpPutFormContentFilter' to: [/*]
2018-05-02 23:47:31.269  INFO 2214 --- [ost-startStop-1] o.s.b.w.servlet.FilterRegistrationBean   : Mapping filter: 'requestContextFilter' to: [/*]
2018-05-02 23:47:31.675  INFO 2214 --- [           main] o.s.w.s.handler.SimpleUrlHandlerMapping  : Mapped URL path [/**/favicon.ico] onto handler of type [class org.springframework.web.servlet.resource.ResourceHttpRequestHandler]
2018-05-02 23:47:32.274  INFO 2214 --- [           main] s.w.s.m.m.a.RequestMappingHandlerAdapter : Looking for @ControllerAdvice: org.springframework.boot.web.servlet.context.AnnotationConfigServletWebServerApplicationContext@424c0bc4: startup date [Wed May 02 23:47:27 CST 2018]; root of context hierarchy
2018-05-02 23:47:32.427  INFO 2214 --- [           main] s.w.s.m.m.a.RequestMappingHandlerMapping : Mapped "{[/hellos/hello]}" onto java.lang.String com.logon.pet.petlogonweb.TestController.hello()
2018-05-02 23:47:32.447  INFO 2214 --- [           main] s.w.s.m.m.a.RequestMappingHandlerMapping : Mapped "{[/error],produces=[text/html]}" onto public org.springframework.web.servlet.ModelAndView org.springframework.boot.autoconfigure.web.servlet.error.BasicErrorController.errorHtml(javax.servlet.http.HttpServletRequest,javax.servlet.http.HttpServletResponse)
2018-05-02 23:47:32.448  INFO 2214 --- [           main] s.w.s.m.m.a.RequestMappingHandlerMapping : Mapped "{[/error]}" onto public org.springframework.http.ResponseEntity<java.util.Map<java.lang.String, java.lang.Object>> org.springframework.boot.autoconfigure.web.servlet.error.BasicErrorController.error(javax.servlet.http.HttpServletRequest)
2018-05-02 23:47:32.514  INFO 2214 --- [           main] o.s.w.s.handler.SimpleUrlHandlerMapping  : Mapped URL path [/webjars/**] onto handler of type [class org.springframework.web.servlet.resource.ResourceHttpRequestHandler]
2018-05-02 23:47:32.534  INFO 2214 --- [           main] o.s.w.s.handler.SimpleUrlHandlerMapping  : Mapped URL path [/**] onto handler of type [class org.springframework.web.servlet.resource.ResourceHttpRequestHandler]
2018-05-02 23:47:32.865  INFO 2214 --- [           main] o.s.j.e.a.AnnotationMBeanExporter        : Registering beans for JMX exposure on startup
2018-05-02 23:47:33.105  INFO 2214 --- [           main] o.s.b.w.embedded.tomcat.TomcatWebServer  : Tomcat started on port(s): 17888 (http) with context path ''
2018-05-02 23:47:33.110  INFO 2214 --- [           main] c.l.p.p.PetLogonWebApplication           : Started PetLogonWebApplication in 7.265 seconds (JVM running for 8.258)
2018-05-02 23:47:55.783  INFO 2214 --- [io-17888-exec-1] o.a.c.c.C.[Tomcat].[localhost].[/]       : Initializing Spring FrameworkServlet 'dispatcherServlet'
2018-05-02 23:47:55.783  INFO 2214 --- [io-17888-exec-1] o.s.web.servlet.DispatcherServlet        : FrameworkServlet 'dispatcherServlet': initialization started
2018-05-02 23:47:55.800  INFO 2214 --- [io-17888-exec-1] o.s.web.servlet.DispatcherServlet        : FrameworkServlet 'dispatcherServlet': initialization completed in 17 ms
2018-05-03 00:03:47.480  INFO 2214 --- [       Thread-4] ConfigServletWebServerApplicationContext : Closing org.springframework.boot.web.servlet.context.AnnotationConfigServletWebServerApplicationContext@424c0bc4: startup date [Wed May 02 23:47:27 CST 2018]; root of context hierarchy
2018-05-03 00:03:47.487  INFO 2214 --- [       Thread-4] o.s.j.e.a.AnnotationMBeanExporter        : Unregistering JMX-exposed beans on shutdown
SLF4J: Class path contains multiple SLF4J bindings.
SLF4J: Found binding in [jar:file:/opt/pet-app/webapps/pet.jar!/BOOT-INF/lib/logback-classic-1.2.3.jar!/org/slf4j/impl/StaticLoggerBinder.class]
SLF4J: Found binding in [jar:file:/opt/pet-app/webapps/pet.jar!/BOOT-INF/lib/slf4j-log4j12-1.7.25.jar!/org/slf4j/impl/StaticLoggerBinder.class]
SLF4J: See http://www.slf4j.org/codes.html#multiple_bindings for an explanation.
SLF4J: Actual binding is of type [ch.qos.logback.classic.util.ContextSelectorStaticBinder]

  .   ____          _            __ _ _
 /\\ / ___'_ __ _ _(_)_ __  __ _ \ \ \ \
( ( )\___ | '_ | '_| | '_ \/ _` | \ \ \ \
 \\/  ___)| |_)| | | | | || (_| |  ) ) ) )
  '  |____| .__|_| |_|_| |_\__, | / / / /
 =========|_|==============|___/=/_/_/_/
 :: Spring Boot ::        (v2.0.1.RELEASE)

2018-05-08 09:53:07.234  INFO 1123 --- [           main] c.l.p.p.PetLogonWebApplication           : Starting PetLogonWebApplication on localhost.localdomain with PID 1123 (/opt/pet-app/webapps/pet.jar started by root in /opt/pet-app/webapps)
2018-05-08 09:53:07.270  INFO 1123 --- [           main] c.l.p.p.PetLogonWebApplication           : No active profile set, falling back to default profiles: default
2018-05-08 09:53:07.808  INFO 1123 --- [           main] ConfigServletWebServerApplicationContext : Refreshing org.springframework.boot.web.servlet.context.AnnotationConfigServletWebServerApplicationContext@25618e91: startup date [Tue May 08 09:53:07 CST 2018]; root of context hierarchy
2018-05-08 09:53:11.454  INFO 1123 --- [           main] .s.d.r.c.RepositoryConfigurationDelegate : Multiple Spring Data modules found, entering strict repository configuration mode!
2018-05-08 09:53:11.679  INFO 1123 --- [           main] .s.d.r.c.RepositoryConfigurationDelegate : Multiple Spring Data modules found, entering strict repository configuration mode!
2018-05-08 09:53:13.111  INFO 1123 --- [           main] trationDelegate$BeanPostProcessorChecker : Bean 'org.springframework.transaction.annotation.ProxyTransactionManagementConfiguration' of type [org.springframework.transaction.annotation.ProxyTransactionManagementConfiguration$$EnhancerBySpringCGLIB$$57f0efc3] is not eligible for getting processed by all BeanPostProcessors (for example: not eligible for auto-proxying)
2018-05-08 09:53:14.178  INFO 1123 --- [           main] o.s.b.w.embedded.tomcat.TomcatWebServer  : Tomcat initialized with port(s): 17888 (http)
2018-05-08 09:53:14.271  INFO 1123 --- [           main] o.apache.catalina.core.StandardService   : Starting service [Tomcat]
2018-05-08 09:53:14.272  INFO 1123 --- [           main] org.apache.catalina.core.StandardEngine  : Starting Servlet Engine: Apache Tomcat/8.5.29
2018-05-08 09:53:14.294  INFO 1123 --- [ost-startStop-1] o.a.catalina.core.AprLifecycleListener   : The APR based Apache Tomcat Native library which allows optimal performance in production environments was not found on the java.library.path: [/usr/java/packages/lib/amd64:/usr/lib64:/lib64:/lib:/usr/lib]
2018-05-08 09:53:14.468  INFO 1123 --- [ost-startStop-1] o.a.c.c.C.[Tomcat].[localhost].[/]       : Initializing Spring embedded WebApplicationContext
2018-05-08 09:53:14.468  INFO 1123 --- [ost-startStop-1] o.s.web.context.ContextLoader            : Root WebApplicationContext: initialization completed in 6760 ms
2018-05-08 09:53:14.790  INFO 1123 --- [ost-startStop-1] o.s.b.w.servlet.ServletRegistrationBean  : Servlet dispatcherServlet mapped to [/]
2018-05-08 09:53:14.801  INFO 1123 --- [ost-startStop-1] o.s.b.w.servlet.FilterRegistrationBean   : Mapping filter: 'characterEncodingFilter' to: [/*]
2018-05-08 09:53:14.802  INFO 1123 --- [ost-startStop-1] o.s.b.w.servlet.FilterRegistrationBean   : Mapping filter: 'hiddenHttpMethodFilter' to: [/*]
2018-05-08 09:53:14.802  INFO 1123 --- [ost-startStop-1] o.s.b.w.servlet.FilterRegistrationBean   : Mapping filter: 'httpPutFormContentFilter' to: [/*]
2018-05-08 09:53:14.802  INFO 1123 --- [ost-startStop-1] o.s.b.w.servlet.FilterRegistrationBean   : Mapping filter: 'requestContextFilter' to: [/*]
log4j:WARN No appenders could be found for logger (com.alibaba.druid.pool.DruidDataSource).
log4j:WARN Please initialize the log4j system properly.
log4j:WARN See http://logging.apache.org/log4j/1.2/faq.html#noconfig for more info.
2018-05-08 09:53:16.250  INFO 1123 --- [           main] j.LocalContainerEntityManagerFactoryBean : Building JPA container EntityManagerFactory for persistence unit 'default'
2018-05-08 09:53:16.298  INFO 1123 --- [           main] o.hibernate.jpa.internal.util.LogHelper  : HHH000204: Processing PersistenceUnitInfo [
	name: default
	...]
2018-05-08 09:53:16.667  INFO 1123 --- [           main] org.hibernate.Version                    : HHH000412: Hibernate Core {5.2.16.Final}
2018-05-08 09:53:16.668  INFO 1123 --- [           main] org.hibernate.cfg.Environment            : HHH000206: hibernate.properties not found
2018-05-08 09:53:16.812  INFO 1123 --- [           main] o.hibernate.annotations.common.Version   : HCANN000001: Hibernate Commons Annotations {5.0.1.Final}
2018-05-08 09:53:17.266  INFO 1123 --- [           main] org.hibernate.dialect.Dialect            : HHH000400: Using dialect: org.hibernate.dialect.Oracle12cDialect
2018-05-08 09:53:17.485  INFO 1123 --- [           main] org.hibernate.type.BasicTypeRegistry     : HHH000270: Type registration [byte[]] overrides previous : org.hibernate.type.BinaryType@87a85e1
2018-05-08 09:53:17.485  INFO 1123 --- [           main] org.hibernate.type.BasicTypeRegistry     : HHH000270: Type registration [[B] overrides previous : org.hibernate.type.BinaryType@87a85e1
2018-05-08 09:53:17.486  INFO 1123 --- [           main] org.hibernate.type.BasicTypeRegistry     : HHH000270: Type registration [Byte[]] overrides previous : org.hibernate.type.WrapperBinaryType@671a5887
2018-05-08 09:53:17.486  INFO 1123 --- [           main] org.hibernate.type.BasicTypeRegistry     : HHH000270: Type registration [[Ljava.lang.Byte;] overrides previous : org.hibernate.type.WrapperBinaryType@671a5887
2018-05-08 09:53:18.148  INFO 1123 --- [           main] j.LocalContainerEntityManagerFactoryBean : Initialized JPA EntityManagerFactory for persistence unit 'default'
2018-05-08 09:53:18.451  WARN 1123 --- [           main] ConfigServletWebServerApplicationContext : Exception encountered during context initialization - cancelling refresh attempt: org.springframework.beans.factory.UnsatisfiedDependencyException: Error creating bean with name 'testController': Unsatisfied dependency expressed through field 'userRepository'; nested exception is org.springframework.beans.factory.NoSuchBeanDefinitionException: No qualifying bean of type 'com.logon.pet.petlogoncore.Repository.UserRepository' available: expected at least 1 bean which qualifies as autowire candidate. Dependency annotations: {@org.springframework.beans.factory.annotation.Autowired(required=true)}
2018-05-08 09:53:18.454  INFO 1123 --- [           main] j.LocalContainerEntityManagerFactoryBean : Closing JPA EntityManagerFactory for persistence unit 'default'
2018-05-08 09:53:18.469  INFO 1123 --- [           main] o.apache.catalina.core.StandardService   : Stopping service [Tomcat]
2018-05-08 09:53:18.488  INFO 1123 --- [           main] ConditionEvaluationReportLoggingListener : 

Error starting ApplicationContext. To display the conditions report re-run your application with 'debug' enabled.
2018-05-08 09:53:18.746 ERROR 1123 --- [           main] o.s.b.d.LoggingFailureAnalysisReporter   : 

***************************
APPLICATION FAILED TO START
***************************

Description:

Field userRepository in com.logon.pet.petlogonweb.controller.TestController required a bean of type 'com.logon.pet.petlogoncore.Repository.UserRepository' that could not be found.


Action:

Consider defining a bean of type 'com.logon.pet.petlogoncore.Repository.UserRepository' in your configuration.

