
  .   ____          _            __ _ _
 /\\ / ___'_ __ _ _(_)_ __  __ _ \ \ \ \
( ( )\___ | '_ | '_| | '_ \/ _` | \ \ \ \
 \\/  ___)| |_)| | | | | || (_| |  ) ) ) )
  '  |____| .__|_| |_|_| |_\__, | / / / /
 =========|_|==============|___/=/_/_/_/
 :: Spring Boot ::        (v2.0.1.RELEASE)

2018-05-02 22:45:16.001  INFO 1950 --- [           main] c.l.p.p.PetLogonWebApplication           : Starting PetLogonWebApplication on localhost.localdomain with PID 1950 (/opt/pet-app/webapps/pet.jar started by root in /opt/pet-app/bin)
2018-05-02 22:45:16.006  INFO 1950 --- [           main] c.l.p.p.PetLogonWebApplication           : No active profile set, falling back to default profiles: default
2018-05-02 22:45:16.374  INFO 1950 --- [           main] ConfigServletWebServerApplicationContext : Refreshing org.springframework.boot.web.servlet.context.AnnotationConfigServletWebServerApplicationContext@38cccef: startup date [Wed May 02 22:45:16 CST 2018]; root of context hierarchy
2018-05-02 22:45:21.317  INFO 1950 --- [           main] o.s.b.w.embedded.tomcat.TomcatWebServer  : Tomcat initialized with port(s): 8080 (http)
2018-05-02 22:45:21.373  INFO 1950 --- [           main] o.apache.catalina.core.StandardService   : Starting service [Tomcat]
2018-05-02 22:45:21.373  INFO 1950 --- [           main] org.apache.catalina.core.StandardEngine  : Starting Servlet Engine: Apache Tomcat/8.5.29
2018-05-02 22:45:21.457  INFO 1950 --- [ost-startStop-1] o.a.catalina.core.AprLifecycleListener   : The APR based Apache Tomcat Native library which allows optimal performance in production environments was not found on the java.library.path: [/usr/java/packages/lib/amd64:/usr/lib64:/lib64:/lib:/usr/lib]
2018-05-02 22:45:21.728  INFO 1950 --- [ost-startStop-1] o.a.c.c.C.[Tomcat].[localhost].[/]       : Initializing Spring embedded WebApplicationContext
2018-05-02 22:45:21.728  INFO 1950 --- [ost-startStop-1] o.s.web.context.ContextLoader            : Root WebApplicationContext: initialization completed in 5501 ms
2018-05-02 22:45:21.960  INFO 1950 --- [ost-startStop-1] o.s.b.w.servlet.ServletRegistrationBean  : Servlet dispatcherServlet mapped to [/]
2018-05-02 22:45:21.977  INFO 1950 --- [ost-startStop-1] o.s.b.w.servlet.FilterRegistrationBean   : Mapping filter: 'characterEncodingFilter' to: [/*]
2018-05-02 22:45:21.977  INFO 1950 --- [ost-startStop-1] o.s.b.w.servlet.FilterRegistrationBean   : Mapping filter: 'hiddenHttpMethodFilter' to: [/*]
2018-05-02 22:45:21.977  INFO 1950 --- [ost-startStop-1] o.s.b.w.servlet.FilterRegistrationBean   : Mapping filter: 'httpPutFormContentFilter' to: [/*]
2018-05-02 22:45:21.977  INFO 1950 --- [ost-startStop-1] o.s.b.w.servlet.FilterRegistrationBean   : Mapping filter: 'requestContextFilter' to: [/*]
2018-05-02 22:45:22.201  INFO 1950 --- [           main] o.s.w.s.handler.SimpleUrlHandlerMapping  : Mapped URL path [/**/favicon.ico] onto handler of type [class org.springframework.web.servlet.resource.ResourceHttpRequestHandler]
2018-05-02 22:45:22.639  INFO 1950 --- [           main] s.w.s.m.m.a.RequestMappingHandlerAdapter : Looking for @ControllerAdvice: org.springframework.boot.web.servlet.context.AnnotationConfigServletWebServerApplicationContext@38cccef: startup date [Wed May 02 22:45:16 CST 2018]; root of context hierarchy
2018-05-02 22:45:22.937  INFO 1950 --- [           main] s.w.s.m.m.a.RequestMappingHandlerMapping : Mapped "{[/hellos/hello]}" onto java.lang.String com.logon.pet.petlogonweb.TestController.hello()
2018-05-02 22:45:22.939  INFO 1950 --- [           main] s.w.s.m.m.a.RequestMappingHandlerMapping : Mapped "{[/error],produces=[text/html]}" onto public org.springframework.web.servlet.ModelAndView org.springframework.boot.autoconfigure.web.servlet.error.BasicErrorController.errorHtml(javax.servlet.http.HttpServletRequest,javax.servlet.http.HttpServletResponse)
2018-05-02 22:45:22.940  INFO 1950 --- [           main] s.w.s.m.m.a.RequestMappingHandlerMapping : Mapped "{[/error]}" onto public org.springframework.http.ResponseEntity<java.util.Map<java.lang.String, java.lang.Object>> org.springframework.boot.autoconfigure.web.servlet.error.BasicErrorController.error(javax.servlet.http.HttpServletRequest)
2018-05-02 22:45:22.987  INFO 1950 --- [           main] o.s.w.s.handler.SimpleUrlHandlerMapping  : Mapped URL path [/webjars/**] onto handler of type [class org.springframework.web.servlet.resource.ResourceHttpRequestHandler]
2018-05-02 22:45:22.987  INFO 1950 --- [           main] o.s.w.s.handler.SimpleUrlHandlerMapping  : Mapped URL path [/**] onto handler of type [class org.springframework.web.servlet.resource.ResourceHttpRequestHandler]
2018-05-02 22:45:23.261  INFO 1950 --- [           main] o.s.j.e.a.AnnotationMBeanExporter        : Registering beans for JMX exposure on startup
2018-05-02 22:45:23.697  INFO 1950 --- [           main] o.s.b.w.embedded.tomcat.TomcatWebServer  : Tomcat started on port(s): 8080 (http) with context path ''
2018-05-02 22:45:23.713  INFO 1950 --- [           main] c.l.p.p.PetLogonWebApplication           : Started PetLogonWebApplication in 9.505 seconds (JVM running for 12.441)
2018-05-02 22:46:17.707  INFO 1950 --- [nio-8080-exec-1] o.a.c.c.C.[Tomcat].[localhost].[/]       : Initializing Spring FrameworkServlet 'dispatcherServlet'
2018-05-02 22:46:17.707  INFO 1950 --- [nio-8080-exec-1] o.s.web.servlet.DispatcherServlet        : FrameworkServlet 'dispatcherServlet': initialization started
2018-05-02 22:46:17.736  INFO 1950 --- [nio-8080-exec-1] o.s.web.servlet.DispatcherServlet        : FrameworkServlet 'dispatcherServlet': initialization completed in 29 ms
2018-05-02 22:50:34.373  INFO 1950 --- [       Thread-4] ConfigServletWebServerApplicationContext : Closing org.springframework.boot.web.servlet.context.AnnotationConfigServletWebServerApplicationContext@38cccef: startup date [Wed May 02 22:45:16 CST 2018]; root of context hierarchy
2018-05-02 22:50:34.376  INFO 1950 --- [       Thread-4] o.s.j.e.a.AnnotationMBeanExporter        : Unregistering JMX-exposed beans on shutdown

  .   ____          _            __ _ _
 /\\ / ___'_ __ _ _(_)_ __  __ _ \ \ \ \
( ( )\___ | '_ | '_| | '_ \/ _` | \ \ \ \
 \\/  ___)| |_)| | | | | || (_| |  ) ) ) )
  '  |____| .__|_| |_|_| |_\__, | / / / /
 =========|_|==============|___/=/_/_/_/
 :: Spring Boot ::        (v2.0.1.RELEASE)

2018-05-02 22:55:27.134  INFO 2026 --- [           main] c.l.p.p.PetLogonWebApplication           : Starting PetLogonWebApplication on localhost.localdomain with PID 2026 (/opt/pet-app/webapps/pet.jar started by root in /opt/pet-app/bin)
2018-05-02 22:55:27.162  INFO 2026 --- [           main] c.l.p.p.PetLogonWebApplication           : No active profile set, falling back to default profiles: default
2018-05-02 22:55:27.318  INFO 2026 --- [           main] ConfigServletWebServerApplicationContext : Refreshing org.springframework.boot.web.servlet.context.AnnotationConfigServletWebServerApplicationContext@47089e5f: startup date [Wed May 02 22:55:27 CST 2018]; root of context hierarchy
2018-05-02 22:55:30.320  INFO 2026 --- [           main] o.s.b.w.embedded.tomcat.TomcatWebServer  : Tomcat initialized with port(s): 8080 (http)
2018-05-02 22:55:30.468  INFO 2026 --- [           main] o.apache.catalina.core.StandardService   : Starting service [Tomcat]
2018-05-02 22:55:30.468  INFO 2026 --- [           main] org.apache.catalina.core.StandardEngine  : Starting Servlet Engine: Apache Tomcat/8.5.29
2018-05-02 22:55:30.486  INFO 2026 --- [ost-startStop-1] o.a.catalina.core.AprLifecycleListener   : The APR based Apache Tomcat Native library which allows optimal performance in production environments was not found on the java.library.path: [/usr/java/packages/lib/amd64:/usr/lib64:/lib64:/lib:/usr/lib]
2018-05-02 22:55:30.650  INFO 2026 --- [ost-startStop-1] o.a.c.c.C.[Tomcat].[localhost].[/]       : Initializing Spring embedded WebApplicationContext
2018-05-02 22:55:30.650  INFO 2026 --- [ost-startStop-1] o.s.web.context.ContextLoader            : Root WebApplicationContext: initialization completed in 3371 ms
2018-05-02 22:55:30.886  INFO 2026 --- [ost-startStop-1] o.s.b.w.servlet.ServletRegistrationBean  : Servlet dispatcherServlet mapped to [/]
2018-05-02 22:55:30.889  INFO 2026 --- [ost-startStop-1] o.s.b.w.servlet.FilterRegistrationBean   : Mapping filter: 'characterEncodingFilter' to: [/*]
2018-05-02 22:55:30.890  INFO 2026 --- [ost-startStop-1] o.s.b.w.servlet.FilterRegistrationBean   : Mapping filter: 'hiddenHttpMethodFilter' to: [/*]
2018-05-02 22:55:30.890  INFO 2026 --- [ost-startStop-1] o.s.b.w.servlet.FilterRegistrationBean   : Mapping filter: 'httpPutFormContentFilter' to: [/*]
2018-05-02 22:55:30.890  INFO 2026 --- [ost-startStop-1] o.s.b.w.servlet.FilterRegistrationBean   : Mapping filter: 'requestContextFilter' to: [/*]
2018-05-02 22:55:31.184  INFO 2026 --- [           main] o.s.w.s.handler.SimpleUrlHandlerMapping  : Mapped URL path [/**/favicon.ico] onto handler of type [class org.springframework.web.servlet.resource.ResourceHttpRequestHandler]
2018-05-02 22:55:31.622  INFO 2026 --- [           main] s.w.s.m.m.a.RequestMappingHandlerAdapter : Looking for @ControllerAdvice: org.springframework.boot.web.servlet.context.AnnotationConfigServletWebServerApplicationContext@47089e5f: startup date [Wed May 02 22:55:27 CST 2018]; root of context hierarchy
2018-05-02 22:55:31.787  INFO 2026 --- [           main] s.w.s.m.m.a.RequestMappingHandlerMapping : Mapped "{[/hellos/hello]}" onto java.lang.String com.logon.pet.petlogonweb.TestController.hello()
2018-05-02 22:55:31.791  INFO 2026 --- [           main] s.w.s.m.m.a.RequestMappingHandlerMapping : Mapped "{[/error],produces=[text/html]}" onto public org.springframework.web.servlet.ModelAndView org.springframework.boot.autoconfigure.web.servlet.error.BasicErrorController.errorHtml(javax.servlet.http.HttpServletRequest,javax.servlet.http.HttpServletResponse)
2018-05-02 22:55:31.791  INFO 2026 --- [           main] s.w.s.m.m.a.RequestMappingHandlerMapping : Mapped "{[/error]}" onto public org.springframework.http.ResponseEntity<java.util.Map<java.lang.String, java.lang.Object>> org.springframework.boot.autoconfigure.web.servlet.error.BasicErrorController.error(javax.servlet.http.HttpServletRequest)
2018-05-02 22:55:31.836  INFO 2026 --- [           main] o.s.w.s.handler.SimpleUrlHandlerMapping  : Mapped URL path [/webjars/**] onto handler of type [class org.springframework.web.servlet.resource.ResourceHttpRequestHandler]
2018-05-02 22:55:31.836  INFO 2026 --- [           main] o.s.w.s.handler.SimpleUrlHandlerMapping  : Mapped URL path [/**] onto handler of type [class org.springframework.web.servlet.resource.ResourceHttpRequestHandler]
2018-05-02 22:55:32.137  INFO 2026 --- [           main] o.s.j.e.a.AnnotationMBeanExporter        : Registering beans for JMX exposure on startup
2018-05-02 22:55:32.231  INFO 2026 --- [           main] o.s.b.w.embedded.tomcat.TomcatWebServer  : Tomcat started on port(s): 8080 (http) with context path ''
2018-05-02 22:55:32.240  INFO 2026 --- [           main] c.l.p.p.PetLogonWebApplication           : Started PetLogonWebApplication in 6.496 seconds (JVM running for 7.462)
2018-05-02 22:55:38.318  INFO 2026 --- [nio-8080-exec-1] o.a.c.c.C.[Tomcat].[localhost].[/]       : Initializing Spring FrameworkServlet 'dispatcherServlet'
2018-05-02 22:55:38.318  INFO 2026 --- [nio-8080-exec-1] o.s.web.servlet.DispatcherServlet        : FrameworkServlet 'dispatcherServlet': initialization started
2018-05-02 22:55:38.352  INFO 2026 --- [nio-8080-exec-1] o.s.web.servlet.DispatcherServlet        : FrameworkServlet 'dispatcherServlet': initialization completed in 34 ms
2018-05-02 22:57:45.735  INFO 2026 --- [       Thread-4] ConfigServletWebServerApplicationContext : Closing org.springframework.boot.web.servlet.context.AnnotationConfigServletWebServerApplicationContext@47089e5f: startup date [Wed May 02 22:55:27 CST 2018]; root of context hierarchy
2018-05-02 22:57:45.740  INFO 2026 --- [       Thread-4] o.s.j.e.a.AnnotationMBeanExporter        : Unregistering JMX-exposed beans on shutdown

  .   ____          _            __ _ _
 /\\ / ___'_ __ _ _(_)_ __  __ _ \ \ \ \
( ( )\___ | '_ | '_| | '_ \/ _` | \ \ \ \
 \\/  ___)| |_)| | | | | || (_| |  ) ) ) )
  '  |____| .__|_| |_|_| |_\__, | / / / /
 =========|_|==============|___/=/_/_/_/
 :: Spring Boot ::        (v2.0.1.RELEASE)

2018-05-02 22:58:59.028  INFO 2080 --- [           main] c.l.p.p.PetLogonWebApplication           : Starting PetLogonWebApplication on localhost.localdomain with PID 2080 (/opt/pet-app/webapps/pet.jar started by root in /opt/pet-app/bin)
2018-05-02 22:58:59.031  INFO 2080 --- [           main] c.l.p.p.PetLogonWebApplication           : No active profile set, falling back to default profiles: default
2018-05-02 22:58:59.192  INFO 2080 --- [           main] ConfigServletWebServerApplicationContext : Refreshing org.springframework.boot.web.servlet.context.AnnotationConfigServletWebServerApplicationContext@47089e5f: startup date [Wed May 02 22:58:59 CST 2018]; root of context hierarchy
2018-05-02 22:59:02.205  INFO 2080 --- [           main] o.s.b.w.embedded.tomcat.TomcatWebServer  : Tomcat initialized with port(s): 8080 (http)
2018-05-02 22:59:02.256  INFO 2080 --- [           main] o.apache.catalina.core.StandardService   : Starting service [Tomcat]
2018-05-02 22:59:02.256  INFO 2080 --- [           main] org.apache.catalina.core.StandardEngine  : Starting Servlet Engine: Apache Tomcat/8.5.29
2018-05-02 22:59:02.303  INFO 2080 --- [ost-startStop-1] o.a.catalina.core.AprLifecycleListener   : The APR based Apache Tomcat Native library which allows optimal performance in production environments was not found on the java.library.path: [/usr/java/packages/lib/amd64:/usr/lib64:/lib64:/lib:/usr/lib]
2018-05-02 22:59:02.473  INFO 2080 --- [ost-startStop-1] o.a.c.c.C.[Tomcat].[localhost].[/]       : Initializing Spring embedded WebApplicationContext
2018-05-02 22:59:02.474  INFO 2080 --- [ost-startStop-1] o.s.web.context.ContextLoader            : Root WebApplicationContext: initialization completed in 3284 ms
2018-05-02 22:59:02.727  INFO 2080 --- [ost-startStop-1] o.s.b.w.servlet.ServletRegistrationBean  : Servlet dispatcherServlet mapped to [/]
2018-05-02 22:59:02.744  INFO 2080 --- [ost-startStop-1] o.s.b.w.servlet.FilterRegistrationBean   : Mapping filter: 'characterEncodingFilter' to: [/*]
2018-05-02 22:59:02.744  INFO 2080 --- [ost-startStop-1] o.s.b.w.servlet.FilterRegistrationBean   : Mapping filter: 'hiddenHttpMethodFilter' to: [/*]
2018-05-02 22:59:02.744  INFO 2080 --- [ost-startStop-1] o.s.b.w.servlet.FilterRegistrationBean   : Mapping filter: 'httpPutFormContentFilter' to: [/*]
2018-05-02 22:59:02.744  INFO 2080 --- [ost-startStop-1] o.s.b.w.servlet.FilterRegistrationBean   : Mapping filter: 'requestContextFilter' to: [/*]
2018-05-02 22:59:03.017  INFO 2080 --- [           main] o.s.w.s.handler.SimpleUrlHandlerMapping  : Mapped URL path [/**/favicon.ico] onto handler of type [class org.springframework.web.servlet.resource.ResourceHttpRequestHandler]
2018-05-02 22:59:03.627  INFO 2080 --- [           main] s.w.s.m.m.a.RequestMappingHandlerAdapter : Looking for @ControllerAdvice: org.springframework.boot.web.servlet.context.AnnotationConfigServletWebServerApplicationContext@47089e5f: startup date [Wed May 02 22:58:59 CST 2018]; root of context hierarchy
2018-05-02 22:59:03.799  INFO 2080 --- [           main] s.w.s.m.m.a.RequestMappingHandlerMapping : Mapped "{[/hellos/hello]}" onto java.lang.String com.logon.pet.petlogonweb.TestController.hello()
2018-05-02 22:59:03.804  INFO 2080 --- [           main] s.w.s.m.m.a.RequestMappingHandlerMapping : Mapped "{[/error],produces=[text/html]}" onto public org.springframework.web.servlet.ModelAndView org.springframework.boot.autoconfigure.web.servlet.error.BasicErrorController.errorHtml(javax.servlet.http.HttpServletRequest,javax.servlet.http.HttpServletResponse)
2018-05-02 22:59:03.804  INFO 2080 --- [           main] s.w.s.m.m.a.RequestMappingHandlerMapping : Mapped "{[/error]}" onto public org.springframework.http.ResponseEntity<java.util.Map<java.lang.String, java.lang.Object>> org.springframework.boot.autoconfigure.web.servlet.error.BasicErrorController.error(javax.servlet.http.HttpServletRequest)
2018-05-02 22:59:03.861  INFO 2080 --- [           main] o.s.w.s.handler.SimpleUrlHandlerMapping  : Mapped URL path [/webjars/**] onto handler of type [class org.springframework.web.servlet.resource.ResourceHttpRequestHandler]
2018-05-02 22:59:03.877  INFO 2080 --- [           main] o.s.w.s.handler.SimpleUrlHandlerMapping  : Mapped URL path [/**] onto handler of type [class org.springframework.web.servlet.resource.ResourceHttpRequestHandler]
2018-05-02 22:59:04.205  INFO 2080 --- [           main] o.s.j.e.a.AnnotationMBeanExporter        : Registering beans for JMX exposure on startup
2018-05-02 22:59:04.420  INFO 2080 --- [           main] o.s.b.w.embedded.tomcat.TomcatWebServer  : Tomcat started on port(s): 8080 (http) with context path ''
2018-05-02 22:59:04.433  INFO 2080 --- [           main] c.l.p.p.PetLogonWebApplication           : Started PetLogonWebApplication in 6.602 seconds (JVM running for 7.455)
2018-05-02 22:59:06.710  INFO 2080 --- [nio-8080-exec-1] o.a.c.c.C.[Tomcat].[localhost].[/]       : Initializing Spring FrameworkServlet 'dispatcherServlet'
2018-05-02 22:59:06.710  INFO 2080 --- [nio-8080-exec-1] o.s.web.servlet.DispatcherServlet        : FrameworkServlet 'dispatcherServlet': initialization started
2018-05-02 22:59:06.745  INFO 2080 --- [nio-8080-exec-1] o.s.web.servlet.DispatcherServlet        : FrameworkServlet 'dispatcherServlet': initialization completed in 35 ms
2018-05-02 23:15:24.123  INFO 2080 --- [       Thread-4] ConfigServletWebServerApplicationContext : Closing org.springframework.boot.web.servlet.context.AnnotationConfigServletWebServerApplicationContext@47089e5f: startup date [Wed May 02 22:58:59 CST 2018]; root of context hierarchy
2018-05-02 23:15:24.131  INFO 2080 --- [       Thread-4] o.s.j.e.a.AnnotationMBeanExporter        : Unregistering JMX-exposed beans on shutdown

  .   ____          _            __ _ _
 /\\ / ___'_ __ _ _(_)_ __  __ _ \ \ \ \
( ( )\___ | '_ | '_| | '_ \/ _` | \ \ \ \
 \\/  ___)| |_)| | | | | || (_| |  ) ) ) )
  '  |____| .__|_| |_|_| |_\__, | / / / /
 =========|_|==============|___/=/_/_/_/
 :: Spring Boot ::        (v2.0.1.RELEASE)

2018-05-02 23:15:43.013  INFO 2149 --- [           main] c.l.p.p.PetLogonWebApplication           : Starting PetLogonWebApplication on localhost.localdomain with PID 2149 (/opt/pet-app/webapps/pet.jar started by root in /opt/pet-app/bin)
2018-05-02 23:15:43.016  INFO 2149 --- [           main] c.l.p.p.PetLogonWebApplication           : No active profile set, falling back to default profiles: default
2018-05-02 23:15:43.305  INFO 2149 --- [           main] ConfigServletWebServerApplicationContext : Refreshing org.springframework.boot.web.servlet.context.AnnotationConfigServletWebServerApplicationContext@3f102e87: startup date [Wed May 02 23:15:43 CST 2018]; root of context hierarchy
2018-05-02 23:15:46.634  INFO 2149 --- [           main] o.s.b.w.embedded.tomcat.TomcatWebServer  : Tomcat initialized with port(s): 17666 (http)
2018-05-02 23:15:46.693  INFO 2149 --- [           main] o.apache.catalina.core.StandardService   : Starting service [Tomcat]
2018-05-02 23:15:46.693  INFO 2149 --- [           main] org.apache.catalina.core.StandardEngine  : Starting Servlet Engine: Apache Tomcat/8.5.29
2018-05-02 23:15:46.732  INFO 2149 --- [ost-startStop-1] o.a.catalina.core.AprLifecycleListener   : The APR based Apache Tomcat Native library which allows optimal performance in production environments was not found on the java.library.path: [/usr/java/packages/lib/amd64:/usr/lib64:/lib64:/lib:/usr/lib]
2018-05-02 23:15:46.913  INFO 2149 --- [ost-startStop-1] o.a.c.c.C.[Tomcat].[localhost].[/]       : Initializing Spring embedded WebApplicationContext
2018-05-02 23:15:46.913  INFO 2149 --- [ost-startStop-1] o.s.web.context.ContextLoader            : Root WebApplicationContext: initialization completed in 3610 ms
2018-05-02 23:15:47.175  INFO 2149 --- [ost-startStop-1] o.s.b.w.servlet.ServletRegistrationBean  : Servlet dispatcherServlet mapped to [/]
2018-05-02 23:15:47.194  INFO 2149 --- [ost-startStop-1] o.s.b.w.servlet.FilterRegistrationBean   : Mapping filter: 'characterEncodingFilter' to: [/*]
2018-05-02 23:15:47.194  INFO 2149 --- [ost-startStop-1] o.s.b.w.servlet.FilterRegistrationBean   : Mapping filter: 'hiddenHttpMethodFilter' to: [/*]
2018-05-02 23:15:47.194  INFO 2149 --- [ost-startStop-1] o.s.b.w.servlet.FilterRegistrationBean   : Mapping filter: 'httpPutFormContentFilter' to: [/*]
2018-05-02 23:15:47.195  INFO 2149 --- [ost-startStop-1] o.s.b.w.servlet.FilterRegistrationBean   : Mapping filter: 'requestContextFilter' to: [/*]
2018-05-02 23:15:47.520  INFO 2149 --- [           main] o.s.w.s.handler.SimpleUrlHandlerMapping  : Mapped URL path [/**/favicon.ico] onto handler of type [class org.springframework.web.servlet.resource.ResourceHttpRequestHandler]
2018-05-02 23:15:47.988  INFO 2149 --- [           main] s.w.s.m.m.a.RequestMappingHandlerAdapter : Looking for @ControllerAdvice: org.springframework.boot.web.servlet.context.AnnotationConfigServletWebServerApplicationContext@3f102e87: startup date [Wed May 02 23:15:43 CST 2018]; root of context hierarchy
2018-05-02 23:15:48.225  INFO 2149 --- [           main] s.w.s.m.m.a.RequestMappingHandlerMapping : Mapped "{[/hellos/hello]}" onto java.lang.String com.logon.pet.petlogonweb.TestController.hello()
2018-05-02 23:15:48.228  INFO 2149 --- [           main] s.w.s.m.m.a.RequestMappingHandlerMapping : Mapped "{[/error],produces=[text/html]}" onto public org.springframework.web.servlet.ModelAndView org.springframework.boot.autoconfigure.web.servlet.error.BasicErrorController.errorHtml(javax.servlet.http.HttpServletRequest,javax.servlet.http.HttpServletResponse)
2018-05-02 23:15:48.229  INFO 2149 --- [           main] s.w.s.m.m.a.RequestMappingHandlerMapping : Mapped "{[/error]}" onto public org.springframework.http.ResponseEntity<java.util.Map<java.lang.String, java.lang.Object>> org.springframework.boot.autoconfigure.web.servlet.error.BasicErrorController.error(javax.servlet.http.HttpServletRequest)
2018-05-02 23:15:48.278  INFO 2149 --- [           main] o.s.w.s.handler.SimpleUrlHandlerMapping  : Mapped URL path [/webjars/**] onto handler of type [class org.springframework.web.servlet.resource.ResourceHttpRequestHandler]
2018-05-02 23:15:48.278  INFO 2149 --- [           main] o.s.w.s.handler.SimpleUrlHandlerMapping  : Mapped URL path [/**] onto handler of type [class org.springframework.web.servlet.resource.ResourceHttpRequestHandler]
2018-05-02 23:15:48.598  INFO 2149 --- [           main] o.s.j.e.a.AnnotationMBeanExporter        : Registering beans for JMX exposure on startup
2018-05-02 23:15:48.767  INFO 2149 --- [           main] o.s.b.w.embedded.tomcat.TomcatWebServer  : Tomcat started on port(s): 17666 (http) with context path ''
2018-05-02 23:15:48.784  INFO 2149 --- [           main] c.l.p.p.PetLogonWebApplication           : Started PetLogonWebApplication in 6.899 seconds (JVM running for 7.788)
2018-05-02 23:15:55.436  INFO 2149 --- [io-17666-exec-1] o.a.c.c.C.[Tomcat].[localhost].[/]       : Initializing Spring FrameworkServlet 'dispatcherServlet'
2018-05-02 23:15:55.437  INFO 2149 --- [io-17666-exec-1] o.s.web.servlet.DispatcherServlet        : FrameworkServlet 'dispatcherServlet': initialization started
2018-05-02 23:15:55.450  INFO 2149 --- [io-17666-exec-1] o.s.web.servlet.DispatcherServlet        : FrameworkServlet 'dispatcherServlet': initialization completed in 13 ms
2018-05-02 23:16:23.316  INFO 2149 --- [       Thread-4] ConfigServletWebServerApplicationContext : Closing org.springframework.boot.web.servlet.context.AnnotationConfigServletWebServerApplicationContext@3f102e87: startup date [Wed May 02 23:15:43 CST 2018]; root of context hierarchy
2018-05-02 23:16:23.317  INFO 2149 --- [       Thread-4] o.s.j.e.a.AnnotationMBeanExporter        : Unregistering JMX-exposed beans on shutdown
